<?xml version="1.0" encoding="UTF-8"?>
<testsuite name="ohtuesimerkki.StatisticsTest" tests="3" skipped="0" failures="0" errors="0" timestamp="2017-03-21T11:30:03" hostname="dhcp-asv-94" time="0.006">
  <properties/>
  <testcase name="search" classname="ohtuesimerkki.StatisticsTest" time="0.003"/>
  <testcase name="team" classname="ohtuesimerkki.StatisticsTest" time="0.0"/>
  <testcase name="topScorers" classname="ohtuesimerkki.StatisticsTest" time="0.0"/>
  <system-out><![CDATA[]]></system-out>
  <system-err><![CDATA[]]></system-err>
</testsuite>
